SF:lib/src/pages/widgets/password_dot_validation_widget.dart
DA:12,1
DA:20,1
DA:22,1
DA:23,1
DA:24,1
DA:25,3
DA:26,3
DA:28,1
DA:30,1
DA:31,1
DA:35,1
DA:39,1
DA:41,1
DA:42,1
DA:50,1
DA:51,1
LF:16
LH:16
end_of_record
SF:lib/src/shared/custom_text_field_pwd.dart
DA:10,1
DA:17,1
DA:18,1
DA:23,1
DA:25,4
DA:27,1
DA:31,1
DA:32,1
DA:33,1
DA:34,1
DA:39,1
DA:40,2
DA:41,2
LF:13
LH:13
end_of_record
SF:lib/src/shared/custom_text_field.dart
DA:16,1
DA:30,1
DA:31,1
DA:35,1
DA:38,1
DA:39,1
DA:40,1
DA:41,1
DA:42,1
DA:43,1
DA:44,1
DA:45,1
DA:46,1
DA:47,1
DA:48,1
DA:50,1
DA:53,1
DA:54,1
DA:56,1
DA:62,1
DA:69,1
DA:74,1
DA:75,1
LF:23
LH:23
end_of_record
